2023-06-27 11:22:51.529 [main] DEBUG io.netty.util.internal.logging.InternalLoggerFactory - Using Log4J2 as the default logging framework
2023-06-27 11:22:51.549 [main] DEBUG io.netty.util.ResourceLeakDetector - -Dio.netty.leakDetection.level: simple
2023-06-27 11:22:51.550 [main] DEBUG io.netty.util.ResourceLeakDetector - -Dio.netty.leakDetection.targetRecords: 4
2023-06-27 11:22:51.558 [main] DEBUG io.netty.util.ResourceLeakDetectorFactory - Loaded default ResourceLeakDetector: io.netty.util.ResourceLeakDetector@aed0151
2023-06-27 11:22:51.605 [main] DEBUG io.netty.util.internal.PlatformDependent0 - -Dio.netty.noUnsafe: false
2023-06-27 11:22:51.605 [main] DEBUG io.netty.util.internal.PlatformDependent0 - Java version: 18
2023-06-27 11:22:51.611 [main] DEBUG io.netty.util.internal.PlatformDependent0 - sun.misc.Unsafe.theUnsafe: available
2023-06-27 11:22:51.613 [main] DEBUG io.netty.util.internal.PlatformDependent0 - sun.misc.Unsafe.copyMemory: available
2023-06-27 11:22:51.614 [main] DEBUG io.netty.util.internal.PlatformDependent0 - sun.misc.Unsafe.storeFence: available
2023-06-27 11:22:51.615 [main] DEBUG io.netty.util.internal.PlatformDependent0 - java.nio.Buffer.address: available
2023-06-27 11:22:51.617 [main] DEBUG io.netty.util.internal.PlatformDependent0 - direct buffer constructor: unavailable: Reflective setAccessible(true) disabled
2023-06-27 11:22:51.618 [main] DEBUG io.netty.util.internal.PlatformDependent0 - java.nio.Bits.unaligned: available, true
2023-06-27 11:22:51.620 [main] DEBUG io.netty.util.internal.PlatformDependent0 - jdk.internal.misc.Unsafe.allocateUninitializedArray(int): unavailable: class io.netty.util.internal.PlatformDependent0$7 cannot access class jdk.internal.misc.Unsafe (in module java.base) because module java.base does not export jdk.internal.misc to unnamed module @2812cbfa
2023-06-27 11:22:51.623 [main] DEBUG io.netty.util.internal.PlatformDependent0 - java.nio.DirectByteBuffer.<init>(long, int): unavailable
2023-06-27 11:22:51.623 [main] DEBUG io.netty.util.internal.PlatformDependent - sun.misc.Unsafe: available
2023-06-27 11:22:51.625 [main] DEBUG io.netty.util.internal.PlatformDependent - maxDirectMemory: 6408896512 bytes (maybe)
2023-06-27 11:22:51.626 [main] DEBUG io.netty.util.internal.PlatformDependent - -Dio.netty.tmpdir: C:\Users\Dima\AppData\Local\Temp (java.io.tmpdir)
2023-06-27 11:22:51.627 [main] DEBUG io.netty.util.internal.PlatformDependent - -Dio.netty.bitMode: 64 (sun.arch.data.model)
2023-06-27 11:22:51.627 [main] DEBUG io.netty.util.internal.PlatformDependent - Platform: Windows
2023-06-27 11:22:51.629 [main] DEBUG io.netty.util.internal.PlatformDependent - -Dio.netty.maxDirectMemory: -1 bytes
2023-06-27 11:22:51.629 [main] DEBUG io.netty.util.internal.PlatformDependent - -Dio.netty.uninitializedArrayAllocationThreshold: -1
2023-06-27 11:22:51.631 [main] DEBUG io.netty.util.internal.CleanerJava9 - java.nio.ByteBuffer.cleaner(): available
2023-06-27 11:22:51.631 [main] DEBUG io.netty.util.internal.PlatformDependent - -Dio.netty.noPreferDirect: false
2023-06-27 11:22:51.648 [main] DEBUG io.netty.util.internal.PlatformDependent - org.jctools-core.MpscChunkedArrayQueue: available
2023-06-27 11:22:51.695 [main] DEBUG io.netty.util.internal.InternalThreadLocalMap - -Dio.netty.threadLocalMap.stringBuilder.initialSize: 1024
2023-06-27 11:22:51.696 [main] DEBUG io.netty.util.internal.InternalThreadLocalMap - -Dio.netty.threadLocalMap.stringBuilder.maxSize: 4096
2023-06-27 11:22:51.830 [main] DEBUG io.netty.handler.ssl.JdkSslContext - Default protocols (JDK): [TLSv1.3, TLSv1.2] 
2023-06-27 11:22:51.831 [main] DEBUG io.netty.handler.ssl.JdkSslContext - Default cipher suites (JDK): [TLS_ECDHE_ECDSA_WITH_AES_256_GCM_SHA384, TLS_ECDHE_ECDSA_WITH_AES_128_GCM_SHA256, TLS_ECDHE_RSA_WITH_AES_128_GCM_SHA256, TLS_ECDHE_RSA_WITH_AES_256_GCM_SHA384, TLS_ECDHE_RSA_WITH_AES_128_CBC_SHA, TLS_ECDHE_RSA_WITH_AES_256_CBC_SHA, TLS_RSA_WITH_AES_128_GCM_SHA256, TLS_RSA_WITH_AES_128_CBC_SHA, TLS_RSA_WITH_AES_256_CBC_SHA, TLS_AES_128_GCM_SHA256, TLS_AES_256_GCM_SHA384]
2023-06-27 11:22:51.857 [main] DEBUG io.netty.util.concurrent.GlobalEventExecutor - -Dio.netty.globalEventExecutor.quietPeriodSeconds: 1
2023-06-27 11:22:51.886 [main] DEBUG io.netty.channel.MultithreadEventLoopGroup - -Dio.netty.eventLoopThreads: 16
2023-06-27 11:22:51.918 [main] DEBUG io.netty.channel.nio.NioEventLoop - -Dio.netty.noKeySetOptimization: false
2023-06-27 11:22:51.918 [main] DEBUG io.netty.channel.nio.NioEventLoop - -Dio.netty.selectorAutoRebuildThreshold: 512
2023-06-27 11:22:52.034 [main] DEBUG io.netty.buffer.PooledByteBufAllocator - -Dio.netty.allocator.numHeapArenas: 16
2023-06-27 11:22:52.036 [main] DEBUG io.netty.buffer.PooledByteBufAllocator - -Dio.netty.allocator.numDirectArenas: 16
2023-06-27 11:22:52.036 [main] DEBUG io.netty.buffer.PooledByteBufAllocator - -Dio.netty.allocator.pageSize: 8192
2023-06-27 11:22:52.036 [main] DEBUG io.netty.buffer.PooledByteBufAllocator - -Dio.netty.allocator.maxOrder: 9
2023-06-27 11:22:52.037 [main] DEBUG io.netty.buffer.PooledByteBufAllocator - -Dio.netty.allocator.chunkSize: 4194304
2023-06-27 11:22:52.037 [main] DEBUG io.netty.buffer.PooledByteBufAllocator - -Dio.netty.allocator.smallCacheSize: 256
2023-06-27 11:22:52.037 [main] DEBUG io.netty.buffer.PooledByteBufAllocator - -Dio.netty.allocator.normalCacheSize: 64
2023-06-27 11:22:52.038 [main] DEBUG io.netty.buffer.PooledByteBufAllocator - -Dio.netty.allocator.maxCachedBufferCapacity: 32768
2023-06-27 11:22:52.038 [main] DEBUG io.netty.buffer.PooledByteBufAllocator - -Dio.netty.allocator.cacheTrimInterval: 8192
2023-06-27 11:22:52.039 [main] DEBUG io.netty.buffer.PooledByteBufAllocator - -Dio.netty.allocator.cacheTrimIntervalMillis: 0
2023-06-27 11:22:52.039 [main] DEBUG io.netty.buffer.PooledByteBufAllocator - -Dio.netty.allocator.useCacheForAllThreads: false
2023-06-27 11:22:52.040 [main] DEBUG io.netty.buffer.PooledByteBufAllocator - -Dio.netty.allocator.maxCachedByteBuffersPerChunk: 1023
2023-06-27 11:22:52.072 [main] DEBUG io.netty.buffer.ByteBufUtil - -Dio.netty.allocator.type: pooled
2023-06-27 11:22:52.073 [main] DEBUG io.netty.buffer.ByteBufUtil - -Dio.netty.threadLocalDirectBufferSize: 0
2023-06-27 11:22:52.074 [main] DEBUG io.netty.buffer.ByteBufUtil - -Dio.netty.maxThreadLocalCharBufferSize: 16384
2023-06-27 11:22:52.618 [Forwarding newSession on session null to remote] DEBUG io.netty.channel.DefaultChannelId - -Dio.netty.processId: 51456 (auto-detected)
2023-06-27 11:22:52.623 [Forwarding newSession on session null to remote] DEBUG io.netty.util.NetUtil - -Djava.net.preferIPv4Stack: false
2023-06-27 11:22:52.624 [Forwarding newSession on session null to remote] DEBUG io.netty.util.NetUtil - -Djava.net.preferIPv6Addresses: false
2023-06-27 11:22:52.648 [Forwarding newSession on session null to remote] DEBUG io.netty.util.NetUtilInitializations - Loopback interface: lo (Software Loopback Interface 1, 127.0.0.1)
2023-06-27 11:22:52.650 [Forwarding newSession on session null to remote] DEBUG io.netty.util.NetUtil - Failed to get SOMAXCONN from sysctl and file \proc\sys\net\core\somaxconn. Default: 200
2023-06-27 11:22:52.727 [Forwarding newSession on session null to remote] DEBUG io.netty.channel.DefaultChannelId - -Dio.netty.machineId: 5c:5f:67:ff:fe:29:d0:9c (auto-detected)
2023-06-27 11:22:52.795 [AsyncHttpClient-1-2] DEBUG io.netty.buffer.AbstractByteBuf - -Dio.netty.buffer.checkAccessible: true
2023-06-27 11:22:52.796 [AsyncHttpClient-1-2] DEBUG io.netty.buffer.AbstractByteBuf - -Dio.netty.buffer.checkBounds: true
2023-06-27 11:22:52.796 [AsyncHttpClient-1-2] DEBUG io.netty.util.ResourceLeakDetectorFactory - Loaded default ResourceLeakDetector: io.netty.util.ResourceLeakDetector@5da6d4aa
2023-06-27 11:22:52.843 [AsyncHttpClient-1-2] DEBUG io.netty.util.Recycler - -Dio.netty.recycler.maxCapacityPerThread: 4096
2023-06-27 11:22:52.844 [AsyncHttpClient-1-2] DEBUG io.netty.util.Recycler - -Dio.netty.recycler.ratio: 8
2023-06-27 11:22:52.845 [AsyncHttpClient-1-2] DEBUG io.netty.util.Recycler - -Dio.netty.recycler.chunkSize: 32
2023-06-27 11:22:52.845 [AsyncHttpClient-1-2] DEBUG io.netty.util.Recycler - -Dio.netty.recycler.blocking: false
2023-06-27 11:22:52.846 [AsyncHttpClient-1-2] DEBUG io.netty.util.Recycler - -Dio.netty.recycler.batchFastThreadLocalOnly: true
2023-06-27 11:22:54.132 [AsyncHttpClient-1-2] DEBUG io.netty.handler.codec.compression.Brotli - brotli4j not in the classpath; Brotli support will be unavailable.
2023-06-27 11:22:54.409 [main] DEBUG io.netty.util.internal.ThreadLocalRandom - -Dio.netty.initialSeedUniquifier: 0x080e1565bc511398
2023-06-27 11:22:55.794 [main] INFO  pages.BasePage - Clicking element: //*[@name='Find Job']
2023-06-27 11:22:55.795 [main] INFO  pages.BasePage - Finding element //*[@name='Find Job']
2023-06-27 11:22:56.103 [main] INFO  pages.BasePage - Finding element //input[@name='company']
2023-06-27 11:22:56.418 [main] INFO  pages.BasePage - Finding element //input[@name='location']
2023-06-27 11:22:56.652 [main] INFO  pages.BasePage - Finding element //input[@name='position']
2023-06-27 11:22:56.880 [main] INFO  pages.BasePage - Clicking element: //button[text()='search']
2023-06-27 11:22:56.881 [main] INFO  pages.BasePage - Finding element //button[text()='search']
2023-06-27 11:23:02.103 [main] INFO  pages.BasePage - Finding element //input[@name='company']
2023-06-27 11:23:02.188 [main] INFO  pages.BasePage - Finding element //input[@name='position']
2023-06-27 11:23:02.274 [main] INFO  pages.BasePage - Finding element //input[@name='location']
2023-06-27 11:23:02.350 [main] INFO  pages.BasePage - Clicking element: //button[text()='reset']
2023-06-27 11:23:02.350 [main] INFO  pages.BasePage - Finding element //button[text()='reset']
2023-06-27 11:23:02.506 [main] INFO  pages.BasePage - Finding element //input[@name='company']
2023-06-27 11:23:02.570 [main] INFO  pages.BasePage - Finding element //input[@name='position']
2023-06-27 11:23:02.634 [main] INFO  pages.BasePage - Finding element //input[@name='location']
